[0218/115503.483:INFO:CONSOLE(0)] "Error with Permissions-Policy header: Feature xr-spatial-tracking's parameters are ignored.", source:  (0)
[0218/115503.483:INFO:CONSOLE(0)] "Error with Permissions-Policy header: Origin trial controlled feature not enabled: 'attribution-reporting'.", source:  (0)
[0218/115503.483:INFO:CONSOLE(0)] "Error with Permissions-Policy header: Unrecognized feature: 'compute-pressure'.", source:  (0)
[0218/115503.483:INFO:CONSOLE(0)] "Error with Permissions-Policy header: Origin trial controlled feature not enabled: 'interest-cohort'.", source:  (0)
[0218/115503.483:INFO:CONSOLE(0)] "Error with Permissions-Policy header: Unrecognized feature: 'private-state-token-issuance'.", source:  (0)
[0218/115503.484:INFO:CONSOLE(0)] "Error with Permissions-Policy header: Origin trial controlled feature not enabled: 'shared-storage'.", source:  (0)
[0218/115503.484:INFO:CONSOLE(0)] "Error with Permissions-Policy header: Unrecognized feature: 'shared-storage-select-url'.", source:  (0)
[0218/115503.484:INFO:CONSOLE(0)] "Error with Permissions-Policy header: Unrecognized feature: 'private-state-token-redemption'.", source:  (0)
[0218/115503.484:INFO:CONSOLE(0)] "Error with Permissions-Policy header: Unrecognized feature: 'unload'.", source:  (0)
[0218/115503.484:INFO:CONSOLE(0)] "Error with Permissions-Policy header: Unrecognized feature: 'window-management'.", source:  (0)
[0218/115506.439:INFO:CONSOLE(157)] "Event handler of 'x-storagemutated-1' event must be added on the initial evaluation of worker script.", source: https://static.whatsapp.net/rsrc.php/v4/yD/r/HFxTXuSYmVW.js (157)
[0218/115526.360:ERROR:cache_util_win.cc(20)] Unable to move the cache: Acesso negado. (0x5)
[0218/115526.362:ERROR:cache_util_win.cc(20)] Unable to move the cache: Acesso negado. (0x5)
[0218/115526.363:ERROR:disk_cache.cc(205)] Unable to create cache
[0218/115526.363:ERROR:gpu_disk_cache.cc(673)] Gpu Cache Creation failed: -2
[0218/115526.363:ERROR:disk_cache.cc(205)] Unable to create cache
[0218/115526.363:ERROR:gpu_disk_cache.cc(673)] Gpu Cache Creation failed: -2
[0218/115528.405:ERROR:cache_util_win.cc(20)] Unable to move the cache: Acesso negado. (0x5)
[0218/115528.405:ERROR:disk_cache.cc(205)] Unable to create cache
[0218/115528.737:ERROR:cache_util_win.cc(20)] Unable to move the cache: Acesso negado. (0x5)
[0218/115528.737:ERROR:cache_util_win.cc(20)] Unable to move the cache: Acesso negado. (0x5)
[0218/115528.737:ERROR:disk_cache.cc(205)] Unable to create cache
[0218/115528.737:ERROR:gpu_disk_cache.cc(673)] Gpu Cache Creation failed: -2
[0218/115528.737:ERROR:disk_cache.cc(205)] Unable to create cache
[0218/115528.737:ERROR:gpu_disk_cache.cc(673)] Gpu Cache Creation failed: -2
[0218/115528.815:INFO:CONSOLE(0)] "Error with Permissions-Policy header: Feature xr-spatial-tracking's parameters are ignored.", source:  (0)
[0218/115528.815:INFO:CONSOLE(0)] "Error with Permissions-Policy header: Origin trial controlled feature not enabled: 'attribution-reporting'.", source:  (0)
[0218/115528.815:INFO:CONSOLE(0)] "Error with Permissions-Policy header: Unrecognized feature: 'compute-pressure'.", source:  (0)
[0218/115528.819:INFO:CONSOLE(0)] "Error with Permissions-Policy header: Origin trial controlled feature not enabled: 'interest-cohort'.", source:  (0)
[0218/115528.819:INFO:CONSOLE(0)] "Error with Permissions-Policy header: Unrecognized feature: 'private-state-token-issuance'.", source:  (0)
[0218/115528.819:INFO:CONSOLE(0)] "Error with Permissions-Policy header: Origin trial controlled feature not enabled: 'shared-storage'.", source:  (0)
[0218/115528.819:INFO:CONSOLE(0)] "Error with Permissions-Policy header: Unrecognized feature: 'shared-storage-select-url'.", source:  (0)
[0218/115528.819:INFO:CONSOLE(0)] "Error with Permissions-Policy header: Unrecognized feature: 'private-state-token-redemption'.", source:  (0)
[0218/115528.819:INFO:CONSOLE(0)] "Error with Permissions-Policy header: Unrecognized feature: 'unload'.", source:  (0)
[0218/115528.819:INFO:CONSOLE(0)] "Error with Permissions-Policy header: Unrecognized feature: 'window-management'.", source:  (0)
[0218/115529.416:ERROR:service_worker_storage.cc(1933)] Failed to delete the database: Database IO error
[0218/115535.050:ERROR:quota_database.cc(929)] Could not open the quota database, resetting.
[0218/115539.993:ERROR:quota_database.cc(929)] Could not open the quota database, resetting.
[0218/115542.924:ERROR:quota_database.cc(931)] Failed to reset the quota database.
[0218/115542.924:ERROR:quota_database.cc(931)] Failed to reset the quota database.
[0218/115749.290:INFO:CONSOLE(4)] "Uncaught (in promise) Error: window is not defined", source: https://web.whatsapp.com/ (4)
[0218/115750.702:INFO:CONSOLE(157)] "Event handler of 'x-storagemutated-1' event must be added on the initial evaluation of worker script.", source: https://static.whatsapp.net/rsrc.php/v4/yD/r/HFxTXuSYmVW.js (157)
[0218/115839.688:INFO:CONSOLE(157)] "Event handler of 'x-storagemutated-1' event must be added on the initial evaluation of worker script.", source: https://static.whatsapp.net/rsrc.php/v4/yD/r/HFxTXuSYmVW.js (157)
